<?xml version="1.0" encoding="UTF-8"?>
<coverage generated="1699617222656" clover="3.2.0">
  <project timestamp="1699617222657" name="All files">
    <metrics statements="29" coveredstatements="25" conditionals="5" coveredconditionals="3" methods="7" coveredmethods="4" elements="41" coveredelements="32" complexity="0" loc="29" ncloc="29" packages="4" files="4" classes="4"/>
    <package name="assets.__mock__">
      <metrics statements="1" coveredstatements="1" conditionals="0" coveredconditionals="0" methods="0" coveredmethods="0"/>
      <file name="fileMock.tsx" path="D:\temp\2023-10\Stage-React\000-Repo\REACT2023Q4\src\assets\__mock__\fileMock.tsx">
        <metrics statements="1" coveredstatements="1" conditionals="0" coveredconditionals="0" methods="0" coveredmethods="0"/>
        <line num="1" count="1" type="stmt"/>
      </file>
    </package>
    <package name="components.Pagination">
      <metrics statements="17" coveredstatements="13" conditionals="3" coveredconditionals="1" methods="5" coveredmethods="3"/>
      <file name="Pagination.tsx" path="D:\temp\2023-10\Stage-React\000-Repo\REACT2023Q4\src\components\Pagination\Pagination.tsx">
        <metrics statements="17" coveredstatements="13" conditionals="3" coveredconditionals="1" methods="5" coveredmethods="3"/>
        <line num="1" count="1" type="stmt"/>
        <line num="2" count="1" type="stmt"/>
        <line num="4" count="1" type="stmt"/>
        <line num="5" count="1" type="stmt"/>
        <line num="6" count="1" type="stmt"/>
        <line num="8" count="1" type="stmt"/>
        <line num="9" count="6" type="stmt"/>
        <line num="10" count="6" type="stmt"/>
        <line num="12" count="6" type="stmt"/>
        <line num="13" count="0" type="stmt"/>
        <line num="14" count="0" type="cond" truecount="0" falsecount="1"/>
        <line num="15" count="0" type="stmt"/>
        <line num="18" count="6" type="stmt"/>
        <line num="23" count="1" type="stmt"/>
        <line num="30" count="2" type="stmt"/>
        <line num="41" count="0" type="stmt"/>
        <line num="56" count="1" type="stmt"/>
      </file>
    </package>
    <package name="context">
      <metrics statements="3" coveredstatements="3" conditionals="0" coveredconditionals="0" methods="1" coveredmethods="0"/>
      <file name="AppContext.tsx" path="D:\temp\2023-10\Stage-React\000-Repo\REACT2023Q4\src\context\AppContext.tsx">
        <metrics statements="3" coveredstatements="3" conditionals="0" coveredconditionals="0" methods="1" coveredmethods="0"/>
        <line num="1" count="1" type="stmt"/>
        <line num="4" count="1" type="stmt"/>
        <line num="19" count="1" type="stmt"/>
      </file>
    </package>
    <package name="types.enums">
      <metrics statements="8" coveredstatements="8" conditionals="2" coveredconditionals="2" methods="1" coveredmethods="1"/>
      <file name="routes-parths.ts" path="D:\temp\2023-10\Stage-React\000-Repo\REACT2023Q4\src\types\enums\routes-parths.ts">
        <metrics statements="8" coveredstatements="8" conditionals="2" coveredconditionals="2" methods="1" coveredmethods="1"/>
        <line num="1" count="1" type="cond" truecount="2" falsecount="0"/>
        <line num="2" count="1" type="stmt"/>
        <line num="3" count="1" type="stmt"/>
        <line num="4" count="1" type="stmt"/>
        <line num="5" count="1" type="stmt"/>
        <line num="6" count="1" type="stmt"/>
        <line num="7" count="1" type="stmt"/>
        <line num="10" count="1" type="stmt"/>
      </file>
    </package>
  </project>
</coverage>
