{
  "D:\\temp\\2023-10\\Stage-React\\000-Repo\\REACT2023Q4\\src\\__tests__\\mocs\\generateCharacters.ts": {
    "path": "D:\\temp\\2023-10\\Stage-React\\000-Repo\\REACT2023Q4\\src\\__tests__\\mocs\\generateCharacters.ts",
    "statementMap": {
      "0": { "start": { "line": 1, "column": 18 }, "end": { "line": 1, "column": 60 } },
      "1": { "start": { "line": 2, "column": 19 }, "end": { "line": 2, "column": 43 } },
      "2": { "start": { "line": 3, "column": 19 }, "end": { "line": 3, "column": 46 } },
      "3": { "start": { "line": 4, "column": 20 }, "end": { "line": 4, "column": 57 } },
      "4": { "start": { "line": 6, "column": 34 }, "end": { "line": 19, "column": 1 } },
      "5": { "start": { "line": 7, "column": 21 }, "end": { "line": 16, "column": 4 } },
      "6": { "start": { "line": 8, "column": 15 }, "end": { "line": 8, "column": 24 } },
      "7": { "start": { "line": 9, "column": 17 }, "end": { "line": 9, "column": 86 } },
      "8": { "start": { "line": 10, "column": 19 }, "end": { "line": 10, "column": 76 } },
      "9": { "start": { "line": 11, "column": 19 }, "end": { "line": 11, "column": 76 } },
      "10": { "start": { "line": 12, "column": 20 }, "end": { "line": 12, "column": 79 } },
      "11": { "start": { "line": 13, "column": 18 }, "end": { "line": 13, "column": 41 } },
      "12": { "start": { "line": 15, "column": 4 }, "end": { "line": 15, "column": 56 } },
      "13": { "start": { "line": 18, "column": 2 }, "end": { "line": 18, "column": 20 } },
      "14": { "start": { "line": 6, "column": 13 }, "end": { "line": 6, "column": 34 } }
    },
    "fnMap": {
      "0": {
        "name": "(anonymous_0)",
        "decl": { "start": { "line": 6, "column": 34 }, "end": { "line": 6, "column": 35 } },
        "loc": { "start": { "line": 6, "column": 55 }, "end": { "line": 19, "column": 1 } }
      },
      "1": {
        "name": "(anonymous_1)",
        "decl": { "start": { "line": 7, "column": 54 }, "end": { "line": 7, "column": 55 } },
        "loc": { "start": { "line": 7, "column": 67 }, "end": { "line": 16, "column": 3 } }
      }
    },
    "branchMap": {},
    "s": {
      "0": 2,
      "1": 2,
      "2": 2,
      "3": 2,
      "4": 2,
      "5": 3,
      "6": 41,
      "7": 41,
      "8": 41,
      "9": 41,
      "10": 41,
      "11": 41,
      "12": 41,
      "13": 3,
      "14": 2
    },
    "f": { "0": 3, "1": 41 },
    "b": {}
  },
  "D:\\temp\\2023-10\\Stage-React\\000-Repo\\REACT2023Q4\\src\\assets\\__mock__\\fileMock.tsx": {
    "path": "D:\\temp\\2023-10\\Stage-React\\000-Repo\\REACT2023Q4\\src\\assets\\__mock__\\fileMock.tsx",
    "statementMap": {
      "0": { "start": { "line": 1, "column": 0 }, "end": { "line": 1, "column": 20 } }
    },
    "fnMap": {},
    "branchMap": {},
    "s": { "0": 2 },
    "f": {},
    "b": {}
  },
  "D:\\temp\\2023-10\\Stage-React\\000-Repo\\REACT2023Q4\\src\\components\\CharacterCard\\CharacterCard.tsx": {
    "path": "D:\\temp\\2023-10\\Stage-React\\000-Repo\\REACT2023Q4\\src\\components\\CharacterCard\\CharacterCard.tsx",
    "statementMap": {
      "0": { "start": { "line": 1, "column": 0 }, "end": { "line": 1, "column": 40 } },
      "1": { "start": { "line": 4, "column": 22 }, "end": { "line": 18, "column": 1 } },
      "2": { "start": { "line": 5, "column": 36 }, "end": { "line": 5, "column": 41 } },
      "3": { "start": { "line": 6, "column": 2 }, "end": { "line": 17, "column": 4 } },
      "4": { "start": { "line": 20, "column": 0 }, "end": { "line": 20, "column": 29 } }
    },
    "fnMap": {
      "0": {
        "name": "(anonymous_0)",
        "decl": { "start": { "line": 4, "column": 22 }, "end": { "line": 4, "column": 23 } },
        "loc": { "start": { "line": 4, "column": 53 }, "end": { "line": 18, "column": 1 } }
      }
    },
    "branchMap": {},
    "s": { "0": 2, "1": 2, "2": 42, "3": 42, "4": 2 },
    "f": { "0": 42 },
    "b": {}
  },
  "D:\\temp\\2023-10\\Stage-React\\000-Repo\\REACT2023Q4\\src\\components\\CharactersList\\CharactersList.tsx": {
    "path": "D:\\temp\\2023-10\\Stage-React\\000-Repo\\REACT2023Q4\\src\\components\\CharactersList\\CharactersList.tsx",
    "statementMap": {
      "0": { "start": { "line": 1, "column": 0 }, "end": { "line": 1, "column": 45 } },
      "1": { "start": { "line": 2, "column": 0 }, "end": { "line": 2, "column": 35 } },
      "2": { "start": { "line": 4, "column": 0 }, "end": { "line": 4, "column": 59 } },
      "3": { "start": { "line": 5, "column": 0 }, "end": { "line": 5, "column": 50 } },
      "4": { "start": { "line": 8, "column": 0 }, "end": { "line": 8, "column": 30 } },
      "5": { "start": { "line": 10, "column": 23 }, "end": { "line": 31, "column": 1 } },
      "6": { "start": { "line": 11, "column": 22 }, "end": { "line": 11, "column": 33 } },
      "7": { "start": { "line": 12, "column": 22 }, "end": { "line": 12, "column": 44 } },
      "8": { "start": { "line": 14, "column": 15 }, "end": { "line": 14, "column": 37 } },
      "9": { "start": { "line": 16, "column": 27 }, "end": { "line": 20, "column": 6 } },
      "10": { "start": { "line": 17, "column": 4 }, "end": { "line": 20, "column": 6 } },
      "11": { "start": { "line": 18, "column": 34 }, "end": { "line": 18, "column": 38 } },
      "12": { "start": { "line": 19, "column": 6 }, "end": { "line": 19, "column": 89 } },
      "13": { "start": { "line": 22, "column": 2 }, "end": { "line": 30, "column": 4 } },
      "14": { "start": { "line": 33, "column": 0 }, "end": { "line": 33, "column": 30 } }
    },
    "fnMap": {
      "0": {
        "name": "(anonymous_1)",
        "decl": { "start": { "line": 10, "column": 23 }, "end": { "line": 10, "column": 26 } },
        "loc": { "start": { "line": 10, "column": 28 }, "end": { "line": 31, "column": 1 } }
      },
      "1": {
        "name": "(anonymous_2)",
        "decl": { "start": { "line": 16, "column": 27 }, "end": { "line": 16, "column": 28 } },
        "loc": { "start": { "line": 17, "column": 4 }, "end": { "line": 20, "column": 6 } }
      },
      "2": {
        "name": "(anonymous_3)",
        "decl": { "start": { "line": 17, "column": 19 }, "end": { "line": 17, "column": 20 } },
        "loc": { "start": { "line": 17, "column": 35 }, "end": { "line": 20, "column": 5 } }
      }
    },
    "branchMap": {
      "0": {
        "loc": { "start": { "line": 14, "column": 15 }, "end": { "line": 14, "column": 37 } },
        "type": "cond-expr",
        "locations": [
          { "start": { "line": 14, "column": 26 }, "end": { "line": 14, "column": 27 } },
          { "start": { "line": 14, "column": 30 }, "end": { "line": 14, "column": 37 } }
        ]
      },
      "1": {
        "loc": { "start": { "line": 24, "column": 7 }, "end": { "line": 27, "column": null } },
        "type": "cond-expr",
        "locations": [
          { "start": { "line": 25, "column": 8 }, "end": { "line": 25, "column": 48 } },
          { "start": { "line": 27, "column": 8 }, "end": { "line": 27, "column": 30 } }
        ]
      },
      "2": {
        "loc": { "start": { "line": 24, "column": 7 }, "end": { "line": 24, "column": 67 } },
        "type": "binary-expr",
        "locations": [
          { "start": { "line": 24, "column": 7 }, "end": { "line": 24, "column": 29 } },
          { "start": { "line": 24, "column": 33 }, "end": { "line": 24, "column": 67 } }
        ]
      }
    },
    "s": {
      "0": 1,
      "1": 1,
      "2": 1,
      "3": 1,
      "4": 1,
      "5": 1,
      "6": 3,
      "7": 3,
      "8": 3,
      "9": 3,
      "10": 2,
      "11": 40,
      "12": 40,
      "13": 3,
      "14": 1
    },
    "f": { "0": 3, "1": 2, "2": 40 },
    "b": { "0": [3, 0], "1": [2, 1], "2": [3, 3] }
  },
  "D:\\temp\\2023-10\\Stage-React\\000-Repo\\REACT2023Q4\\src\\components\\Pagination\\Pagination.tsx": {
    "path": "D:\\temp\\2023-10\\Stage-React\\000-Repo\\REACT2023Q4\\src\\components\\Pagination\\Pagination.tsx",
    "statementMap": {
      "0": { "start": { "line": 1, "column": 0 }, "end": { "line": 1, "column": 47 } },
      "1": { "start": { "line": 2, "column": 0 }, "end": { "line": 2, "column": 35 } },
      "2": { "start": { "line": 4, "column": 0 }, "end": { "line": 4, "column": 58 } },
      "3": { "start": { "line": 5, "column": 0 }, "end": { "line": 5, "column": 50 } },
      "4": { "start": { "line": 6, "column": 0 }, "end": { "line": 6, "column": 26 } },
      "5": { "start": { "line": 8, "column": 19 }, "end": { "line": 57, "column": 1 } },
      "6": { "start": { "line": 9, "column": 19 }, "end": { "line": 9, "column": 32 } },
      "7": { "start": { "line": 10, "column": 34 }, "end": { "line": 10, "column": 56 } },
      "8": { "start": { "line": 12, "column": 27 }, "end": { "line": 16, "column": 3 } },
      "9": { "start": { "line": 13, "column": 21 }, "end": { "line": 13, "column": 39 } },
      "10": { "start": { "line": 14, "column": 4 }, "end": { "line": 14, "column": 83 } },
      "11": { "start": { "line": 14, "column": 20 }, "end": { "line": 14, "column": 83 } },
      "12": { "start": { "line": 15, "column": 4 }, "end": { "line": 15, "column": 31 } },
      "13": { "start": { "line": 18, "column": 2 }, "end": { "line": 56, "column": 4 } },
      "14": { "start": { "line": 23, "column": 25 }, "end": { "line": 23, "column": 77 } },
      "15": { "start": { "line": 32, "column": 25 }, "end": { "line": 32, "column": 73 } },
      "16": { "start": { "line": 44, "column": 29 }, "end": { "line": 44, "column": 48 } },
      "17": { "start": { "line": 59, "column": 0 }, "end": { "line": 59, "column": 26 } }
    },
    "fnMap": {
      "0": {
        "name": "(anonymous_1)",
        "decl": { "start": { "line": 8, "column": 19 }, "end": { "line": 8, "column": 22 } },
        "loc": { "start": { "line": 8, "column": 24 }, "end": { "line": 57, "column": 1 } }
      },
      "1": {
        "name": "(anonymous_2)",
        "decl": { "start": { "line": 12, "column": 27 }, "end": { "line": 12, "column": 28 } },
        "loc": { "start": { "line": 12, "column": 81 }, "end": { "line": 16, "column": 3 } }
      },
      "2": {
        "name": "(anonymous_3)",
        "decl": { "start": { "line": 23, "column": 19 }, "end": { "line": 23, "column": 22 } },
        "loc": { "start": { "line": 23, "column": 25 }, "end": { "line": 23, "column": 77 } }
      },
      "3": {
        "name": "(anonymous_4)",
        "decl": { "start": { "line": 32, "column": 19 }, "end": { "line": 32, "column": 22 } },
        "loc": { "start": { "line": 32, "column": 25 }, "end": { "line": 32, "column": 73 } }
      },
      "4": {
        "name": "(anonymous_5)",
        "decl": { "start": { "line": 44, "column": 22 }, "end": { "line": 44, "column": 23 } },
        "loc": { "start": { "line": 44, "column": 29 }, "end": { "line": 44, "column": 48 } }
      }
    },
    "branchMap": {
      "0": {
        "loc": { "start": { "line": 14, "column": 4 }, "end": { "line": 14, "column": 83 } },
        "type": "if",
        "locations": [{ "start": { "line": 14, "column": 4 }, "end": { "line": 14, "column": 83 } }]
      },
      "1": {
        "loc": { "start": { "line": 28, "column": 11 }, "end": { "line": 28, "column": 56 } },
        "type": "cond-expr",
        "locations": [
          { "start": { "line": 28, "column": 33 }, "end": { "line": 28, "column": 52 } },
          { "start": { "line": 28, "column": 55 }, "end": { "line": 28, "column": 56 } }
        ]
      }
    },
    "s": {
      "0": 1,
      "1": 1,
      "2": 1,
      "3": 1,
      "4": 1,
      "5": 1,
      "6": 8,
      "7": 8,
      "8": 8,
      "9": 1,
      "10": 1,
      "11": 0,
      "12": 1,
      "13": 8,
      "14": 1,
      "15": 2,
      "16": 1,
      "17": 1
    },
    "f": { "0": 8, "1": 1, "2": 1, "3": 2, "4": 1 },
    "b": { "0": [0], "1": [8, 0] }
  },
  "D:\\temp\\2023-10\\Stage-React\\000-Repo\\REACT2023Q4\\src\\context\\AppContext.tsx": {
    "path": "D:\\temp\\2023-10\\Stage-React\\000-Repo\\REACT2023Q4\\src\\context\\AppContext.tsx",
    "statementMap": {
      "0": { "start": { "line": 1, "column": 0 }, "end": { "line": 1, "column": 38 } },
      "1": { "start": { "line": 4, "column": 19 }, "end": { "line": 17, "column": 2 } },
      "2": { "start": { "line": 19, "column": 0 }, "end": { "line": 19, "column": 26 } }
    },
    "fnMap": {
      "0": {
        "name": "(anonymous_0)",
        "decl": { "start": { "line": 16, "column": 14 }, "end": { "line": 16, "column": 17 } },
        "loc": { "start": { "line": 16, "column": 19 }, "end": { "line": 16, "column": 22 } }
      }
    },
    "branchMap": {},
    "s": { "0": 2, "1": 2, "2": 2 },
    "f": { "0": 0 },
    "b": {}
  },
  "D:\\temp\\2023-10\\Stage-React\\000-Repo\\REACT2023Q4\\src\\pages\\Page404.tsx": {
    "path": "D:\\temp\\2023-10\\Stage-React\\000-Repo\\REACT2023Q4\\src\\pages\\Page404.tsx",
    "statementMap": {
      "0": { "start": { "line": 1, "column": 0 }, "end": { "line": 1, "column": 40 } },
      "1": { "start": { "line": 3, "column": 16 }, "end": { "line": 12, "column": 1 } },
      "2": { "start": { "line": 4, "column": 2 }, "end": { "line": 11, "column": 4 } },
      "3": { "start": { "line": 14, "column": 0 }, "end": { "line": 14, "column": 23 } }
    },
    "fnMap": {
      "0": {
        "name": "(anonymous_0)",
        "decl": { "start": { "line": 3, "column": 16 }, "end": { "line": 3, "column": 19 } },
        "loc": { "start": { "line": 3, "column": 21 }, "end": { "line": 12, "column": 1 } }
      }
    },
    "branchMap": {},
    "s": { "0": 1, "1": 1, "2": 1, "3": 1 },
    "f": { "0": 1 },
    "b": {}
  },
  "D:\\temp\\2023-10\\Stage-React\\000-Repo\\REACT2023Q4\\src\\types\\enums\\routes-parths.ts": {
    "path": "D:\\temp\\2023-10\\Stage-React\\000-Repo\\REACT2023Q4\\src\\types\\enums\\routes-parths.ts",
    "statementMap": {
      "0": { "start": { "line": 1, "column": 0 }, "end": { "line": 1, "column": null } },
      "1": { "start": { "line": 2, "column": 2 }, "end": { "line": 2, "column": null } },
      "2": { "start": { "line": 3, "column": 2 }, "end": { "line": 3, "column": null } },
      "3": { "start": { "line": 4, "column": 2 }, "end": { "line": 4, "column": null } },
      "4": { "start": { "line": 5, "column": 2 }, "end": { "line": 5, "column": null } },
      "5": { "start": { "line": 6, "column": 2 }, "end": { "line": 6, "column": null } },
      "6": { "start": { "line": 7, "column": 2 }, "end": { "line": 7, "column": null } },
      "7": { "start": { "line": 10, "column": 0 }, "end": { "line": 10, "column": 27 } }
    },
    "fnMap": {
      "0": {
        "name": "(anonymous_0)",
        "decl": { "start": { "line": 1, "column": 0 }, "end": { "line": 1, "column": 5 } },
        "loc": { "start": { "line": 1, "column": 16 }, "end": { "line": 8, "column": 1 } }
      }
    },
    "branchMap": {
      "0": {
        "loc": { "start": { "line": 1, "column": 5 }, "end": { "line": 1, "column": null } },
        "type": "binary-expr",
        "locations": [
          { "start": { "line": 1, "column": 5 }, "end": { "line": 1, "column": 16 } },
          { "start": { "line": 1, "column": 5 }, "end": { "line": 1, "column": null } }
        ]
      }
    },
    "s": { "0": 1, "1": 1, "2": 1, "3": 1, "4": 1, "5": 1, "6": 1, "7": 1 },
    "f": { "0": 1 },
    "b": { "0": [1, 1] }
  }
}
