TN:
SF:src\__tests__\mocs\generateCharacters.ts
FN:6,(anonymous_0)
FN:7,(anonymous_1)
FNF:2
FNH:2
FNDA:2,(anonymous_0)
FNDA:40,(anonymous_1)
DA:1,1
DA:2,1
DA:3,1
DA:4,1
DA:6,1
DA:7,2
DA:8,40
DA:9,40
DA:10,40
DA:11,40
DA:12,40
DA:13,40
DA:15,40
DA:18,2
LF:14
LH:14
BRF:0
BRH:0
end_of_record
TN:
SF:src\assets\__mock__\fileMock.tsx
FNF:0
FNH:0
DA:1,1
LF:1
LH:1
BRF:0
BRH:0
end_of_record
TN:
SF:src\components\CharactersList\CharactersList.tsx
FN:9,(anonymous_1)
FN:15,(anonymous_2)
FN:16,(anonymous_3)
FNF:3
FNH:3
FNDA:3,(anonymous_1)
FNDA:2,(anonymous_2)
FNDA:40,(anonymous_3)
DA:1,1
DA:2,1
DA:4,1
DA:7,1
DA:9,1
DA:10,3
DA:11,3
DA:13,3
DA:15,3
DA:16,2
DA:17,40
DA:18,40
DA:32,3
DA:43,1
LF:14
LH:14
BRDA:13,0,0,3
BRDA:13,0,1,0
BRDA:34,1,0,2
BRDA:34,1,1,1
BRDA:34,2,0,3
BRDA:34,2,1,3
BRF:6
BRH:5
end_of_record
TN:
SF:src\context\AppContext.tsx
FN:16,(anonymous_0)
FNF:1
FNH:0
FNDA:0,(anonymous_0)
DA:1,1
DA:4,1
DA:19,1
LF:3
LH:3
BRF:0
BRH:0
end_of_record
