TN:
SF:src\__tests__\mocs\generateCharacters.ts
FN:6,(anonymous_0)
FN:7,(anonymous_1)
FNF:2
FNH:2
FNDA:1,(anonymous_0)
FNDA:1,(anonymous_1)
DA:1,1
DA:2,1
DA:3,1
DA:4,1
DA:6,1
DA:7,1
DA:8,1
DA:9,1
DA:10,1
DA:11,1
DA:12,1
DA:13,1
DA:15,1
DA:18,1
LF:14
LH:14
BRF:0
BRH:0
end_of_record
TN:
SF:src\assets\__mock__\fileMock.tsx
FNF:0
FNH:0
DA:1,3
LF:1
LH:1
BRF:0
BRH:0
end_of_record
TN:
SF:src\components\CharacterCard\CharacterCard.tsx
FN:4,(anonymous_0)
FNF:1
FNH:1
FNDA:2,(anonymous_0)
DA:1,1
DA:4,1
DA:5,2
DA:6,2
DA:20,1
LF:5
LH:5
BRF:0
BRH:0
end_of_record
TN:
SF:src\components\CharacterInfo\CharacterInfo.tsx
FN:15,(anonymous_1)
FN:26,(anonymous_2)
FN:43,(anonymous_3)
FN:60,(anonymous_4)
FNF:4
FNH:3
FNDA:5,(anonymous_1)
FNDA:2,(anonymous_2)
FNDA:1,(anonymous_3)
FNDA:0,(anonymous_4)
DA:1,1
DA:2,1
DA:3,1
DA:4,1
DA:6,1
DA:7,1
DA:8,1
DA:9,1
DA:10,1
DA:13,1
DA:15,1
DA:16,5
DA:17,4
DA:24,4
DA:26,4
DA:27,2
DA:30,4
DA:32,4
DA:34,4
DA:35,4
DA:36,4
DA:38,4
DA:44,1
DA:60,1
DA:61,0
DA:62,0
DA:94,1
LF:27
LH:25
BRDA:32,0,0,0
BRDA:32,0,1,4
BRDA:34,1,0,1
BRDA:34,1,1,3
BRDA:35,2,0,3
BRDA:35,2,1,1
BRDA:36,3,0,0
BRDA:36,3,1,4
BRDA:36,4,0,4
BRDA:36,4,1,1
BRDA:36,4,2,0
BRF:11
BRH:8
end_of_record
TN:
SF:src\components\ErrorMessage\ErrorMessage.tsx
FN:5,(anonymous_1)
FNF:1
FNH:1
FNDA:1,(anonymous_1)
DA:2,1
DA:3,1
DA:5,1
DA:6,1
DA:15,1
LF:5
LH:5
BRF:0
BRH:0
end_of_record
TN:
SF:src\components\Pagination\Pagination.tsx
FN:10,(anonymous_1)
FN:17,(anonymous_2)
FN:26,(anonymous_3)
FN:34,(anonymous_4)
FN:49,(anonymous_5)
FNF:5
FNH:5
FNDA:6,(anonymous_1)
FNDA:1,(anonymous_2)
FNDA:1,(anonymous_3)
FNDA:1,(anonymous_4)
FNDA:1,(anonymous_5)
DA:1,1
DA:2,1
DA:3,1
DA:5,1
DA:6,1
DA:8,1
DA:10,1
DA:11,6
DA:12,6
DA:13,6
DA:15,6
DA:17,6
DA:18,1
DA:19,1
DA:20,1
DA:23,6
DA:26,1
DA:35,1
DA:49,1
DA:65,1
LF:20
LH:20
BRDA:30,0,0,0
BRDA:30,0,1,6
BRF:2
BRH:1
end_of_record
TN:
SF:src\components\SearchForm\SearchForm.tsx
FN:11,(anonymous_1)
FN:15,(anonymous_2)
FN:24,(anonymous_3)
FN:28,(anonymous_4)
FN:33,(anonymous_5)
FN:54,(anonymous_6)
FNF:6
FNH:6
FNDA:10,(anonymous_1)
FNDA:3,(anonymous_2)
FNDA:16,(anonymous_3)
FNDA:2,(anonymous_4)
FNDA:2,(anonymous_5)
FNDA:2,(anonymous_6)
DA:1,1
DA:2,1
DA:3,1
DA:5,1
DA:7,1
DA:8,1
DA:9,1
DA:11,1
DA:12,10
DA:13,10
DA:15,10
DA:16,3
DA:17,3
DA:19,3
DA:24,10
DA:25,16
DA:28,10
DA:29,2
DA:30,2
DA:33,10
DA:34,2
DA:35,2
DA:36,2
DA:39,10
DA:55,2
DA:66,1
LF:26
LH:26
BRDA:17,0,0,1
BRF:1
BRH:1
end_of_record
TN:
SF:src\components\Spinner\Spinner.tsx
FN:2,(anonymous_0)
FNF:1
FNH:1
FNDA:3,(anonymous_0)
DA:1,1
DA:2,1
DA:3,3
DA:38,1
LF:4
LH:4
BRF:0
BRH:0
end_of_record
TN:
SF:src\pages\Page404.tsx
FN:3,(anonymous_0)
FNF:1
FNH:1
FNDA:1,(anonymous_0)
DA:1,1
DA:3,1
DA:4,1
DA:14,1
LF:4
LH:4
BRF:0
BRH:0
end_of_record
TN:
SF:src\store\store.tsx
FN:16,(anonymous_1)
FNF:1
FNH:1
FNDA:4,(anonymous_1)
DA:1,4
DA:2,4
DA:3,4
DA:4,4
DA:5,4
DA:6,4
DA:8,4
DA:16,4
DA:20,4
LF:9
LH:9
BRF:0
BRH:0
end_of_record
TN:
SF:src\store\slices\apiSlice.tsx
FN:12,(anonymous_0)
FN:14,(anonymous_1)
FN:17,(anonymous_2)
FNF:3
FNH:2
FNDA:4,(anonymous_0)
FNDA:0,(anonymous_1)
FNDA:1,(anonymous_2)
DA:1,4
DA:5,4
DA:6,4
DA:8,4
DA:12,4
DA:14,0
DA:17,1
DA:22,4
DA:23,4
LF:9
LH:8
BRF:0
BRH:0
end_of_record
TN:
SF:src\store\slices\charactersOnPageSlice.tsx
FN:9,(anonymous_0)
FNF:1
FNH:1
FNDA:1,(anonymous_0)
DA:1,4
DA:3,4
DA:5,4
DA:10,1
DA:15,4
DA:17,4
LF:6
LH:6
BRF:0
BRH:0
end_of_record
TN:
SF:src\store\slices\loadingDetailsSlice.tsx
FN:9,(anonymous_0)
FNF:1
FNH:1
FNDA:2,(anonymous_0)
DA:1,4
DA:3,4
DA:5,4
DA:10,2
DA:15,4
DA:17,4
LF:6
LH:6
BRF:0
BRH:0
end_of_record
TN:
SF:src\store\slices\loadingMainSlice.tsx
FN:9,(anonymous_0)
FNF:1
FNH:0
FNDA:0,(anonymous_0)
DA:1,4
DA:3,4
DA:5,4
DA:10,0
DA:15,4
DA:17,4
LF:6
LH:5
BRF:0
BRH:0
end_of_record
TN:
SF:src\store\slices\searchFormSlice.tsx
FN:11,(anonymous_0)
FNF:1
FNH:1
FNDA:2,(anonymous_0)
DA:1,4
DA:2,4
DA:4,4
DA:5,4
DA:7,4
DA:12,2
DA:17,4
DA:19,4
LF:8
LH:8
BRDA:5,0,0,4
BRDA:5,0,1,0
BRF:2
BRH:1
end_of_record
TN:
SF:src\types\enums\routes-parths.ts
FN:1,(anonymous_0)
FNF:1
FNH:1
FNDA:2,(anonymous_0)
DA:1,2
DA:2,2
DA:3,2
DA:4,2
DA:5,2
DA:6,2
DA:7,2
DA:10,2
LF:8
LH:8
BRDA:1,0,0,2
BRDA:1,0,1,2
BRF:2
BRH:2
end_of_record
TN:
SF:src\utils\localStorageActions.ts
FN:3,(anonymous_0)
FN:7,(anonymous_1)
FN:10,(anonymous_2)
FN:13,(anonymous_3)
FNF:4
FNH:2
FNDA:2,(anonymous_0)
FNDA:8,(anonymous_1)
FNDA:0,(anonymous_2)
FNDA:0,(anonymous_3)
DA:1,4
DA:3,4
DA:4,2
DA:7,8
DA:9,4
DA:11,0
DA:14,0
DA:18,4
LF:8
LH:6
BRF:0
BRH:0
end_of_record
